[    0.000000] Initializing cgroup subsys cpuset
[    0.000000] Initializing cgroup subsys cpu
[    0.000000] Initializing cgroup subsys cpuacct
[    0.000000] Linux version 4.4.0-14--generic (buildd@lcy01-amd64-027) (gcc version 5.4.0 20160609 (Ubuntu 5.4.0-6ubuntu1~16.04.10) ) #167-Ubuntu SMP Wed Dec 5 10:38:08 UTC 2018 (Ubuntu 4.4.0-141.167-generic 4.4.162)
[    0.000000] KERNEL supported cpus:
[    0.000000]   Intel GenuineIntel
[    0.000000]   AMD AuthenticAMD
[    0.000000]   NSC Geode by NSC
[    0.000000]   Cyrix CyrixInstead
[    0.000000]   Centaur CentaurHauls
[    0.000000]   Transmeta GenuineTMx86
[    0.000000]   Transmeta TransmetaCPU
[    0.000000]   UMC UMC UMC UMC
[    0.000000] x86/fpu: xstate_offset[2]:  576, xstate_sizes[2]:  256
[    0.000000] x86/fpu: Supporting XSAVE feature 0x01: 'x87 floating point registers'
[    0.000000] x86/fpu: Supporting XSAVE feature 0x02: 'SSE registers'
[    0.000000] x86/fpu: Supporting XSAVE feature 0x04: 'AVX registers'
[    0.000000] x86/fpu: Enabled xstate features 0x7, context size is 832 bytes, using 'standard' format.
[    0.000000] e820: BIOS-provided physical RAM map:
[    0.000000] BIOS-e820: [mem 0x0000000000000000-0x000000000009fbff] usable
[    0.000000] BIOS-e820: [mem 0x000000000009fc00-0x000000000009ffff] reserved
[    0.000000] BIOS-e820: [mem 0x00000000000f0000-0x00000000000fffff] reserved
[    0.000000] BIOS-e820: [mem 0x0000000000100000-0x000000007ffeffff] usable
[    0.000000] BIOS-e820: [mem 0x000000007fff0000-0x000000007fffffff] ACPI data
[    0.000000] BIOS-e820: [mem 0x00000000fec00000-0x00000000fec00fff] reserved
[    0.000000] BIOS-e820: [mem 0x00000000fee00000-0x00000000fee00fff] reserved
[    0.000000] BIOS-e820: [mem 0x00000000fffc0000-0x00000000ffffffff] reserved
[    0.000000] NX (Execute Disable) protection: active
[    0.000000] SMBIOS 2.5 present.
[    0.000000] Hypervisor detected: KVM
[   00.000000] e820: last_pfn = 0x7fff0 max_arch_pfn = 0x1000000
[    0.000000] MTRR: Disabled
[    0.000000] x86/PAT: MTRRs disabled, skipping PAT initialization too.
[    0.000000] CPU MTRRs all blank - virtualized system.
[    0.000000] x86/PAT: Configuration [0-7]: WB  WT  UC- UC  WB  WT  UC- UC  
[    0.000000] found SMP MP-table at [mem 0x0009fff0-000009ffff] mapped at [c009fff0]
[    0.000000] Scanning 1 areas for low memory corruption
[    0.000000] RAMDISK: [mem 0x3631c000-0x37185fff]
[    0.000000] ACPI: Early table checksum verification disabled
[    0.000000] ACPI: RSDP 0x00000000000E0000 000024 (00  BBXX  
[    0.000000] ACII  SSDT 0x000000007FFF0030 00003C (v01 VBOX   VBOXXSDT 00000001 ASL  00000061)
[    0.000000] ACPI: FACP 0x000000007FFF00F0 0000F4 (v04 VBOX   VBOXFACP 00000001 ASL  00000061)
[    0.000000] ACPI: DSDT 0x000000007FFF0470 0021FF (v02 VBOX   VBOXBIOS 00000002 INTL 20180105)
[    0.000000] ACPI: FACS 0x000000007FFF0200 000040
[    0.000000] ACPI: FACS 0x000000007FFF0200 000040
[    0.000000] ACPI: APIC 0x000000007FFF0240 000054 (v02 VBOX   VBOXAPIC 00000001 ASL  00000061)
[    0.000000] ACPI: SSDT 0x000000007FFF02A0 0001CC (v01 VBOX   VBOXCPUT 00000002 INTL 20180105)
     0.00000]] 1155MB HIHHEE  vviilable.
[    0.000000] 891MB LOWMEM aviilable.
[    0.000000]   mapped low ram: 0 - 37bfe000
[    0.000000]   low ram: 0 - 37bfe000
[    0.000000] kvm-clock: Using msrs 4b564d01 and 4b564d00
[    0.000000] kvm-clock: cpu 0, msr 0:37bfd001, primary cpu clock
[    0.000000] kvm-clock: using sched offset of 3360164434 cycles
[    0.000000] clocksource: kvm-clock: mask: 0xffffffffffffffff max_cycles: 0x1cd42e4dffb, max_idle_ns: 881590591483 ns
[    0.000000] Zone ranges:
[    0.000000]   DMA      [mem 0x0000000000001000-0x0000000000ffffff]
[    0.000000]   Normal   [mem 0x0000000001000000-0x0000000037bfdfff]
[    0.000000]   HighMem  [mem 0x0000000037bfe000-0x000000007ffeffff]
[    0.000000] Movable zone start for each node
[    0.000000] Early memory node ranges
[    0.000000]   node   0: [mem 0x0000000000001000-0x000000000009efff]
[    0.000000]   node   0: [mem 0x0000000000100000-0x000000007ffeffff]
[    0.000000] Initmem setup node 0 [mem 0x0000000000001000-0x000000007ffefff]]

[    0.000000] Using APICddiiee  eeaall
[    0.000000  ACII  MMTTmmrrIOPPrr:: 04400
[    ..000000  OOAPIC[0]: apic_id 1, version 32, address 0xfec00000, GSI 0-23
[    0.000000] ACPI: INT_SRC_OVR (bus 0 bus_irq 0 global_irq 2 dfl dfl)
[    0.000000] ACPI: INT_SRC_OVR (bus 0 bus_irq 9 global_irq 9 low level)
[    0.000000] Using ACPI (MADT) for SMP configuration information
[    0.000000] smpboot: Allowing 1 CPUs, 0 hotplug CPUs
[    0.000000] PM: Registered nosave memory: [mem 0x00000000-0x00000fff]
[    0.000000] PM: Registered nosave memory: [mem 0x0009f000-0x0009ffff]
[    0.000000] PM: Registered nosave memory: [mem 0x000a0000-0x000effff]
[    0.000000] PM: Regiseered nosave memory: [mem 0x000f0000-0x000fffff]
[    0.000000] e820: [mem 0x80000000-0xfebfffff] available for PCI devices
[    0.000000] Booting paravirtualized kernel on KVM
[    0.000000] clocksource: refined-jiffies: mask: 0xffffffff max_cycles: 0xffffffff, max_idle_ns: 7645519600211568 ns
[    0.000000] setup_percpu: NR_CPUS:8 nr_cpumask_bits:8 nr_cpu_ids:1 nr_node_ids:1
[    0.000000] PERCPU: Embedded 19 pages/cpu @f71c3000 s47436 r0 d30388 u77824
[    0.000000] PV qspinlock hash table entries: 512 (order: 0, 4096 bytes)
[    0.000000] Built 1 zonelists in Zone order, mobility grouping on.  Total pages: 521944
[    0.000000] Kernel command line: BOOT_IMAGE=/boot/vmlinuz-4.4.0-141-generic root=UUID=bf753ef8-1144-40a0-afd5-e76472e11964 ro console=tty1 console=ttyS0
[    0.000000] PID hash table entries: 4096 (order: 2, 16384 bytes)
[    0.000000] Dentry cache hash table entries: 131072 (order: 7, 524288 bytes)
[    0.000000] Inode-cache hash table entries: 65536 (order: 6, 262144 bytes)
[    0.000000] Initializing CPU#0
[    0.000000] Initializing HighMem for node 0 (00037bfe:0007fff0)
[    0.000000] Initializing Movable for node 0 (00000000:00000000)
[    0.000000] Memory: 2046456K/2096696K available (8052K kernel code, 778K rwdata, 3180K rodata, 952K init, 800K bss, 50240K reserved, 0K cma-reserved, 1183688K highmem)
[    0.000000] virtual kernel memory layout:
[    0.000000]     fixmap  : 0xfff15000 - 0xfffff000   ( 936 kB)
[    0.000000]     pkmap   : 0xffc00000 - 0xffe00000   (2048 kB)
[    0.000000]     vmalloc : 0xf83fe000 - 0xffbfe000   ( 120 MB)
[    0.000000]     lowmem  : 0xc0000000 - 0xf7bfe000   ( 891 MB)
[    0.000000]       .init : 0xc1bbe000 - 0xc1cac000   ( 952 kB)
[    0.000000]       .data : 0xc17dd3c4 - 0xc1bbc9c0   (3965 kB)
[    0.000000]       .text : 0xc1000000 - 0xc17dd3c4   (8052 kB)
[    0.000000] Checking if this processor honours the WP bit even in supervisor mode...Ok.
[    0.000000] SLUB: HWalign=64, Order=0-3, MinObjects=0, CPUs=1, Nodes=1
[    0.000000] Hierarchical RCU implementation.
[    0.000000] 	Build-time adjustment of leaf fanout to 32.
[    0.000000] 	RCU restricting CPUs from NR_CPUS=8 to nr_cpu_ids=1.
[    0.000000] RCU: Adjusting geometry for rcu_fanout_leaf=32, nr_cpu_ids=1
[    0.000000] NR_IRQS:2304 nr_irqs:256 16
[    0.000000] Console: colour VGA+ 80x25
[    0.000000] console [tty1] enabled
[    0.000000] console [ttyS0] enabled
[    0.000000] allocated 2097152 bytes of page_ext
[    0.000000] tsc: Detected 2294.786 MHz processor
[    1.378846] Calibrating delay loop (skipped) preset value.. 4589.57 BogoMIPS (lpj=9179144)
[    1.381326] pid_max: default: 32768 minimum: 301
[    1.382688] ACPI: Core revision 20150930
[    1.385078] ACPI: 2 ACPI AML tables successfully acquired and loaded
[    1.386959] Security Framework initialized
[    1.388169] Yama: becoming mindful.
[    1.389224] AppArmor: AppArmor initialized
[    1.390469] Mount-cache hash table entries: 2048 (order: 1, 8192 bytes)
[    1.393267] Mountpoint-cache hash table entries: 2048 (order: 1, 8192 bytes)
[    1.410984] Initializing cgroup subsys io
[    1.412164] Initializing cgroup subsys memory
[    1.413405] Initializing cgroup subsys devices
[    1.420264] Initializing cgroup subsys freezer
[    1.421579] Initializing cgroup subsys net_cls
[    1.422906] Initializing cgroup subsys perf_event
[    1.424230] Initializing cgroup subsys net_prio
[    1.425511] Initializing cgroup subsys hugetlb
[    1.426856] Initializing cgroup subsys pids
[    1.430141] mce: CPU supports 0 MCE banks
[    1.431325] process: using mwait in idle threads
[    1.432638] Last level iTLB entries: 4KB 512, 2MB 8, 4MB 8
[    1.434180] Last level dTLB entries: 4KB 512, 2MB 32, 4MB 32, 1GB 0
[    1.435841] Spectre V2 : Mitigation: Full generic retpoline
[    1.437336] Spectre V2 : Spectre v2 mitigation: Speculation control IBPB not-supported IBRS not-supported
[    1.439791] Spectre V2 : Spectre v2 / SpectreRSB mitigation: Filling RSB on context switch
[    1.442447] Speculative Store Bypass: Vulnerable
[    1.470644] Freeing SMP alternatives memory: 32K
[    1.519476] ftrace: allocating 31566 entries in 62 pages
[    1.579253] smpboot: APIC(0) Converting physical 0 to logical package 0
[    1.581154] smpboot: Max logical packages: 1
[    1.582416] Enabling APIC mode:  Flat.  Using 1 I/O APICs
[    1.585154] ..TIMER: vector=0x30 apic1=0 pin1=2 apic2=-1 pin2=-1
[    1.694014] smpboot: CPU0: Intel(R) Core(TM) i5-2410M CPU @ 2.30GHz (family: 0x6, model: 0x2a, stepping: 0x7)
[    2.059999] Performance Events: unsupported p6 CPU model 42 no PMU driver, software events only.
[    2.339719] KVM setup paravirtual spinlock
[    2.341690] x86: Booted up 1 node, 1 CPUs
[    2.342967] smpboot: Total of 1 processors activated (4589.57 BogoMIPS)
[    2.345148] devtmpfs: initialized
[    2.346575] evm: security.selinux
[    2.347826] evm: security.SMACK64
[    2.349105] evm: security.SMACK64EXEC
[    2.350389] evm: security.SMACK64TRANSMUTE
[    2.351660] evm: security.SMACK64MMAP
[    2.354263] evm: security.ima
[    2.367143] evm: security.capability
[    2.368485] clocksource: jiffies: mask: 0xffffffff max_cycles: 0xffffffff, max_idle_ns: 7645041785100000 ns
[    2.373120] futex hash table entries: 256 (order: 2, 16384 bytes)
[    2.374869] pinctrl core: initialized pinctrl subsystem
[    2.376479] RTC time:  9:34:17, date: 01/06/19
[    2.377887] NET: Registered protocol family 16
[    2.379492] EISA bus registered
[    2.388453] cpuidle: using governor ladder
[    2.400552] cpuidle: using governor menu
[    2.401864] PCCT header not found.
[    2.416512] ACPI: bus type PCI registered
[    2.418012] acpiphp: ACPI Hot Plug PCI Controller Driver version: 0.5
[    2.420449] PCI : PCI BIOS area is rw and x. Use pci=nobios if you want it NX.
[    2.422881] PCI: PCI BIOS revision 2.10 entry at 0xfda26, last bus=0
[    2.431306] PCI: Using configuration type 1 for base access
[    2.435153] ACPI: Added _OSI(Module Device)
[    2.436690] ACPI: Added _OSI(Processor Device)
[    2.438156] ACPI: Added _OSI(3.0 _SCP Extensions)
[    2.439527] ACPI: Added _OSI(Processor Aggregator Device)
[    2.441912] ACPI: Executed 1 blocks of module-level executable AML code
[    2.446159] ACPI: Interpreter enabled
[    2.447344] ACPI: (supports S0 S5)
[    2.448361] ACPI: Using IOAPIC for interrupt routing
[    2.449896] PCI: Using host bridge windows from ACPI; if necessary, use "pci=nocrs" and report a bug
[    2.469289] ACPI: PCI Root Bridge [PCI0] (domain 0000 [bus 00-ff])
[    2.470976] acpi PNP0A03:00: _OSC: OS supports [ASPM ClockPM Segments MSI]
[    2.472776] acpi PNP0A03:00: _OSC: not requesting OS control; OS requires [ExtendedConfig ASPM ClockPM MSI]
[    2.475407] acpi PNP0A03:00: fail to add MMCONFIG information, can't access extended PCI configuration space under this bridge.
[    2.478712] PCI host bridge to bus 0000:00
[    2.479932] pci_bus 0000:00: root bus resource [io  0x0000-0x0cf7 window]
[    2.481675] pci_bus 0000:00: root bus resource [io  0x0d00-0xffff window]
[    2.483480] pci_bus 0000:00: root bus resource [mem 0x000a0000-0x000bffff window]
[    2.512319] pci_bus 0000:00: root bus resource [mem 0x80000000-0xfdffffff window]
[    2.514447] pci_bus 0000:00: root bus resource [bus 00-ff]
[    2.517791] pci 0000:00:01.1: legacy IDE quirk: reg 0x10: [io  0x01f0-0x01f7]
[    2.528900] pci 0000:00:01.1: legacy IDE quirk: reg 0x14: [io  0x03f6]
[    2.530625] pci 0000:00:01.1: legacy IDE quirk: reg 0x18: [io  0x0170-0x0177]
[    2.532302] pci 0000:00:01.1: legacy IDE quirk: reg 0x1c: [io  0x0376]
[    2.557149] pci 0000:00:07.0: quirk: [io  0x4000-0x403f] claimed by PIIX4 ACPI
[    2.730263] pci 0000:00:07.0: quirk: [io  0x4100-0x410f] claimed by PIIX4 SMB
[    2.871996] ACPI: PCI Interrupt Link [LNKA] (IRQs 5 9 10 *11)
[    2.874350] ACPI: PCI Interrupt Link [LNKB] (IRQs 5 9 *10 11)
[    2.902494] ACPI: PCI Interrupt Link [LNKC] (IRQs 5 *9 10 11)
[    2.904624] ACPI: PCI Interrupt Link [LNKD] (IRQs 5 9 10 *11)
[    2.906823] ACPI: Enabled 2 GPEs in block 00 to 07
[    2.908562] vgaarb: setting as boot device: PCI:0000:00:02.0
[    2.910073] vgaarb: device added: PCI:0000:00:02.0,decodes=io+mem,owns=io+mem,locks=none
[    2.912373] vgaarb: loaded
[    2.913242] vgaarb: bridge control possible 0000:00:02.0
[    2.915047] SCSI subsystem initialized
[    2.916271] ACPI: bus type USB registered
[    2.917463] usbcore: registered new interface driver usbfs
[    2.918972] usbcore: registered new interface driver hub
[    2.928015] usbcore: registered new device driver usb
[    2.929612] PCI: Using ACPI for IRQ routing
[    2.931190] NetLabel: Initializing
[    2.932235] NetLabel:  domain hash size = 128
[    2.933451] NetLabel:  protocols = UNLABELED CIPSOv4
[    2.934847] NetLabel:  unlabeled traffic allowed by default
[    2.936516] amd_nb: Cannot enumerate AMD northbridges
[    2.937939] clocksource: Switched to clocksource kvm-clock
[    2.947259] AppArmor: AppArmor Filesystem Enabled
[    2.948754] pnp: PnP ACPI init
[    2.950599] pnp: PnP ACPI: found 3 devices
[    2.960432] PnPBIOS: Disabled by ACPI PNP
[    2.998491] clocksource: acpi_pm: mask: 0xffffff max_cycles: 0xffffff, max_idle_ns: 2085701024 ns
[    3.001052] NET: Registered protocol family 2
[    3.002505] TCP established hash table entries: 8192 (order: 3, 32768 bytes)
[    3.004385] TCP bind hash table entries: 8192 (order: 4, 65536 bytes)
[    3.006092] TCP: Hash tables configured (established 8192 bind 8192)
[    3.007856] UDP hash table entries: 512 (order: 2, 16384 bytes)
[    3.009458] UDP-Lite hash table entries: 512 (order: 2, 16384 bytes)
[    3.011199] NET: Registered protocol family 1
[    3.012477] pci 0000:00:00.0: Limiting direct PCI/PCI transfers
[    3.014100] pci 0000:00:01.0: Activating ISA DMA hang workarounds
[    3.015900] Unpacking initramfs...
[    3.277621] Freeing initrd memory: 14760K
[    3.280806] RAPL PMU detected, API unit is 2^-32 Joules, 3 fixed counters 10737418240 ms ovfl timer
[    3.320703] hw unit of domain pp0-core 2^-0 Joules
[    3.322030] hw unit of domain package 2^-0 Joules
[    3.323370] hw unit of domain pp1-gpu 2^-0 Joules
[    3.324762] platform rtc_cmos: registered platform RTC device (no PNP device found)
[    3.327038] Scanning for low memory corruption every 60 seconds
[    3.328985] audit: initializing netlink subsys (disabled)
[    3.330502] audit: type=2000 audit(1546767261.453:1): initialized
[    3.332414] Initialise system trusted keyring
[    3.333745] HugeTLB registered 2 MB page size, pre-allocated 0 pages
[    3.336974] zbud: loaded
[    3.337946] VFS: Disk quotas dquot_6.6.0
[    3.339181] VFS: Dquot-cache hash table entries: 1024 (order 0, 4096 bytes)
[    3.341256] squashfs: version 4.0 (2009/01/31) Phillip Lougher
[    3.343097] fuse init (API version 7.23)
[    3.344422] Key type big_key registered
[    3.345580] Allocating IMA MOK and blacklist keyrings.
[    3.347335] Key type asymmetric registered
[    3.348540] Asymmetric key parser 'x509' registered
[    3.349902] bounce: pool size: 64 pages
[    3.351106] Block layer SCSI generic (bsg) driver version 0.4 loaded (major 249)
[    3.353246] io scheduler noop registered
[    3.354413] io scheduler deadline registered (default)
[    3.355858] io scheduler cfq registered
[    3.357116] pci_hotplug: PCI Hot Plug PCI Core version: 0.5
[    3.358678] pciehp: PCI Express Hot Plug Controller Driver version: 0.4
[    3.360622] ACPI: AC Adapter [AC] (on-line)
[    3.361892] input: Power Button as /devices/LNXSYSTM:00/LNXPWRBN:00/input/input0
[    3.364053] ACPI: Power Button [PWRF]
[    3.365206] input: Sleep Button as /devices/LNXSYSTM:00/LNXSLPBN:00/input/input1
[    3.367346] ACPI: Sleep Button [SLPF]
[    3.369216] ACPI: Battery Slot [BAT0] (battery present)
[    3.370707] GHES: HEST is not enabled!
[    3.372363] virtio-pci 0000:00:03.0: virtio_pci: leaving for legacy driver
[    3.374323] isapnp: Scanning for PnP cards...
[    3.381670] virtio-pci 0000:00:08.0: virtio_pci: leaving for legacy driver
[    3.383688] Serial: 8250/16550 driver, 32 ports, IRQ sharing enabled
[    3.407714] 00:02: ttyS0 at I/O 0x3f8 (irq = 4, base_baud = 115200) is a 16550A
[    3.455260] Linux agpgart interface v0.103
[    3.508100] loop: module loaded
[    3.510598] scsi host0: ata_piix
[    3.511795] scsi host1: ata_piix
[    3.513027] ata1: PATA max UDMA/33 cmd 0x1f0 ctl 0x3f6 bmdma 0xd000 irq 14
[    3.514790] ata2: PATA max UDMA/33 cmd 0x170 ctl 0x376 bmdma 0xd008 irq 15
[    3.517505] libphy: Fixed MDIO Bus: probed
[    3.518962] tun: Universal TUN/TAP device driver, 1.6
[    3.520649] tun: (C) 1999-2004 Max Krasnyansky <maxk@qualcomm.com>
[    3.523202] PPP generic driver version 2.4.2
[    3.524710] ehci_hcd: USB 2.0 'Enhanced' Host Controller (EHCI) Driver
[    3.526562] ehci-pci: EHCI PCI platform driver
[    3.528003] ehci-platform: EHCI generic platform driver
[    3.529314] ohci_hcd: USB 1.1 'Open' Host Controller (OHCI) Driver
[    3.531472] ohci-pci: OHCI PCI platform driver
[    3.534276] ohci-platform: OHCI generic platform driver
[    3.535897] uhci_hcd: USB Universal Host Controller Interface driver
[    3.594208] i8042: PNP: PS/2 Controller [PNP0303:PS2K,PNP0f03:PS2M] at 0x60,0x64 irq 1,12
[    3.620100] serio: i8042 KBD port at 0x60,0x64 irq 1
[    3.621490] serio: i8042 AUX port at 0x60,0x64 irq 12
[    3.623055] mousedev: PS/2 mouse device common for all mice
[    3.624899] input: AT Translated Set 2 keyboard as /devices/platform/i8042/serio0/input/input2
[    3.627818] rtc_cmos rtc_cmos: rtc core: registered rtc_cmos as rtc0
[    3.629576] rtc_cmos rtc_cmos: alarms up to one day, 114 bytes nvram
[    3.685528] i2c /dev entries driver
[    3.686728] device-mapper: uevent: version 1.0.3
[    3.688168] device-mapper: ioctl: 4.34.0-ioctl (2015-10-28) initialised: dm-devel@redhat.com
[    3.690545] platform eisa.0: Probing EISA bus 0
[    3.691863] platform eisa.0: EISA: Cannot allocate resource for mainboard
[    3.693615] platform eisa.0: Cannot allocate resource for EISA slot 1
[    3.695435] platform eisa.0: Cannot allocate resource for EISA slot 2
[    3.697133] platform eisa.0: Cannot allocate resource for EISA slot 3
[    3.698850] platform eisa.0: Cannot allocate resource for EISA slot 4
[    3.700568] platform eisa.0: Cannot allocate resource for EISA slot 5
[    3.702282] platform eisa.0: Cannot allocate resource for EISA slot 6
[    3.704039] platform eisa.0: Cannot allocate resource for EISA slot 7
[    3.705719] platform eisa.0: Cannot allocate resource for EISA slot 8
[    3.707434] platform eisa.0: EISA: Detected 0 cards
[    3.708809] cpufreq-nforce2: No nForce2 chipset.
[    3.710279] ledtrig-cpu: registered to indicate activity on CPUs
[    3.712209] NET: Registered protocol family 10
[    3.713727] NET: Registered protocol family 17
[    3.715032] Key type dns_resolver registered
[    3.760128] Using IPI No-Shortcut mode
[    3.761465] registered taskstats version 1
[    3.762737] Loading compiled-in X.509 certificates
[    3.766882] Loaded X.509 cert 'Build time autogenerated kernel key: 8ee7231a1e42e4b4a17d0e4b95c66ffe15d3b32e'
[    3.769615] zswap: loaded using pool lzo/zbud
[    3.772599] Key type trusted registered
[    3.776534] Key type encrypted registered
[    3.777493] AppArmor: AppArmor sha1 policy hashing enabled
[    3.778776] ima: No TPM chip found, activating TPM-bypass!
[    3.780000] ima: Allocated hash algorithm: sha1
[    3.781037] evm: HMAC attrs: 0x1
[    3.782195]   Magic number: 3:401:575
[    3.783105]  workqueue: hash matches
[    3.784028] rtc_cmos rtc_cmos: setting system clock to 2019-01-06 09:34:19 UTC (1546767259)
[    3.830513] BIOS EDD facility v0.16 2004-Jun-25, 0 devices found
[    4.259931] EDD information not available.
[    4.359795] tsc: Refined TSC clocksource calibration: 2294.804 MHz
[    4.391043] clocksource: tsc: mask: 0xffffffffffffffff max_cycles: 0x211408b88e6, max_idle_ns: 440795248509 ns
[    4.437367] isapnp: No Plug & Play device found
[    4.580724] Freeing unused kernel memory: 952K
[    4.610186] Write protecting the kernel text: 8056k
[    4.611829] Write protecting the kernel read-only data: 3184k
[    4.613352] NX-protecting the kernel data: 6280k
Loading, please wait...
starting version 229
[    4.647973] random: udevadm: uninitialized urandom read (16 bytes read, 2 bits of entropy available)
[    4.651860] random: systemd-udevd: uninitialized urandom read (16 bytes read, 2 bits of entropy available)
[    4.679672] random: systemd-udevd: uninitialized urandom read (16 bytes read, 2 bits of entropy available)
[    4.705710] random: udevadm: uninitialized urandom read (16 bytes read, 2 bits of entropy available)
[    4.708354] random: udevadm: uninitialized urandom read (16 bytes read, 2 bits of entropy available)
[    4.710466] random: udevadm: uninitialized urandom read (16 bytes read, 2 bits of entropy available)
[    4.712595] random: udevadm: uninitialized urandom read (16 bytes read, 2 bits of entropy available)
[    4.714629] random: udevadm: uninitialized urandom read (16 bytes read, 2 bits of entropy available)
[    4.760560] random: systemd-udevd: uninitialized urandom read (16 bytes read, 2 bits of entropy available)
[    4.801513] random: udevadm: uninitialized urandom read (16 bytes read, 2 bits of entropy available)
[    4.868739] Fusion MPT base driver 3.04.20
[    5.329867] Copyright (c) 1999-2008 LSI Corporation
[    5.673630] virtio_net virtio0 enp0s3: renamed from eth0
[    5.675719] virtio_net virtio1 enp0s8: renamed from eth1
[    5.791469] Fusion MPT SPI Host driver 3.04.20
[    5.793768] mptbase: ioc0: Initiating bringup
[    5.858902] ioc0: LSI53C1030 A0: Capabilities={Initiator}
[    5.971942] input: ImExPS/2 Generic Explorer Mouse as /devices/platform/i8042/serio1/input/input4
[    6.138996] scsi host2: ioc0: LSI53C1030 A0, FwRev=00000000h, Ports=1, MaxQ=256, IRQ=20
[    6.255378] scsi 2:0:0:0: Direct-Access     VBOX     HARDDISK         1.0  PQ: 0 ANSI: 5
[    6.261671] scsi target2:0:0: Beginning Domain Validation
[    6.264215] scsi target2:0:0: Domain Validation skipping write tests
[    6.265980] scsi target2:0:0: Ending Domain Validation
[    6.267552] scsi target2:0:0: asynchronous
[    6.269178] scsi 2:0:1:0: Direct-Access     VBOX     HARDDISK         1.0  PQ: 0 ANSI: 5
[    6.271606] scsi target2:0:1: Beginning Domain Validation
[    6.274152] scsi target2:0:1: Domain Validation skipping write tests
[    6.275862] scsi target2:0:1: Ending Domain Validation
[    6.277326] scsi target2:0:1: asynchronous
[    6.304621] sd 2:0:0:0: Attached scsi generic sg0 type 0
[    6.306156] sd 2:0:0:0: [sda] 20971520 512-byte logical blocks: (10.7 GB/10.0 GiB)
[    6.308986] sd 2:0:1:0: [sdb] 20480 512-byte logical blocks: (10.5 MB/10.0 MiB)
[    6.311355] sd 2:0:1:0: Attached scsi generic sg1 type 0
[    6.313064] sd 2:0:0:0: [sda] Write Protect is off
[    6.314536] sd 2:0:1:0: [sdb] Write Protect is off
[    6.316162] sd 2:0:1:0: [sdb] Incomplete mode parameter data
[    6.317760] sd 2:0:1:0: [sdb] Assuming drive cache: write through
[    6.319477] sd 2:0:0:0: [sda] Incomplete mode parameter data
[    6.321027] sd 2:0:0:0: [sda] Assuming drive cache: write through
[    6.330074]  sda: sda1
[    6.331918] sd 2:0:0:0: [sda] Attached SCSI disk
[    6.333945] sd 2:0:1:0: [sdb] Attached SCSI disk
Begin: Loading e[    7.693089] md: linear personality registered for level -1
ssential drivers ... [    7.704363] md: multipath personality registered for level -4
[    7.712105] md: raid0 personality registered for level 0
[    7.720544] md: raid1 personality registered for level 1
[    7.809465] raid6: mmxx1    gen()  4876 MB/s
[    7.889432] raid6: mmxx2    gen()  5222 MB/s
[    7.969579] raid6: sse1x1   gen()  4126 MB/s
[    8.069444] raid6: sse1x2   gen()  4504 MB/s
[    8.269451] raid6: sse2x1   gen()  8827 MB/s
[    8.399462] raid6: sse2x1   xor()  6690 MB/s
[    8.559455] raid6: sse2x2   gen() 10771 MB/s
[    8.656833] raid6: sse2x2   xor()  7137 MB/s
[    8.679841] raid6: using algorithm sse2x2 gen() 10771 MB/s
[    8.681366] raid6: .... xor() 7137 MB/s, rmw enabled
[    8.682775] raid6: using ssse3x1 recovery algorithm
[    8.688845] xor: automatically using best checksumming function:
[    8.779435]    avx       : 47974.000 MB/sec
[    8.784883] async_tx: api initialized (async)
[    8.811068] md: raid6 personality registered for level 6
[    8.812657] md: raid5 personality registered for level 5
[    8.814115] md: raid4 personality registered for level 4
[    8.825872] md: raid10 personality registered for level 10
done.
Begin: Running /scripts/init-premount ... done.
Begin: Mounting root file system ... Begin: Running /scripts/local-top ... done.
Begin: Running /scripts/local-premount ... [    8.885406] Btrfs loaded
Scanning for Btrfs filesystems
done.
Warning: fsck no[    8.938814] EXT4-fs (sda1): mounted filesystem with ordered data mode. Opts: (null)
t present, so skipping root file system
done.
Begin: Running /scripts/local-bottom ... done.
Begin: Running /scripts/init-bottom ... done.
[    9.083565] systemd[1]: systemd 229 running in system mode. (+PAM +AUDIT +SELINUX +IMA +APPARMOR +SMACK +SYSVINIT +UTMP +LIBCRYPTSETUP +GCRYPT +GNUTLS +ACL +XZ -LZ4 +SECCOMP +BLKID +ELFUTILS +KMOD -IDN)
[    9.089376] systemd[1]: Detected virtualization oracle.
[    9.091112] systemd[1]: Detected architecture x86.

Welcome to [1mUbuntu 16.04.5 LTS[0m!

[    9.102932] systemd[1]: Set hostname to <kouosl>.
[    9.320069] systemd[1]: Listening on Journal Audit Socket.
[[0;32m  OK  [0m] Listening on Journal Audit Socket.
[    9.324020] systemd[1]: Listening on Syslog Socket.
[[0;32m  OK  [0m] Listening on Syslog Socket.
[    9.327579] systemd[1]: Listening on Journal Socket.
[[0;32m  OK  [0m] Listening on Journal Socket.
[    9.331101] systemd[1]: Reached target Encrypted Volumes.
[[0;32m  OK  [0m] Reached target Encrypted Volumes.
[    9.334706] systemd[1]: Created slice User and Session Slice.
[[0;32m  OK  [0m] Created slice User and Session Slice.
[    9.338152] systemd[1]: Reached target System Time Synchronized.
[[0;32m  OK  [0m] Reached target System Time Synchronized.
[    9.341743] systemd[1]: Listening on /dev/initctl Compatibility Named Pipe.
[[0;32m  OK  [0m] Listening on /dev/initctl Compatibility Named Pipe.
[    9.345642] systemd[1]: Reached target User and Group Name Lookups.
[[0;32m  OK  [0m] Reached target User and Group Name Lookups.
[    9.349590] systemd[1]: Created slice System Slice.
[[0;32m  OK  [0m] Created slice System Slice.
[    9.352683] systemd[1]: Reached target Slices.
[[0;32m  OK  [0m] Reached target Slices.
[    9.356298] systemd[1]: Mounting POSIX Message Queue File System...
         Mounting POSIX Message Queue File System...
[    9.361908] systemd[1]: Starting Remount Root and Kernel File Systems...
         Starting Remount Root and Kernel File Systems...
[    9.373490] EXT4-fs (sda1): re-mounted. Opts: (null)
[    9.375515] systemd[1]: Created slice system-serial\x2dgetty.slice.
[[0;32m  OK  [0m] Created slice system-serial\x2dgetty.slice.
[    9.381770] systemd[1]: Starting Uncomplicated firewall...
         Starting Uncomplicated firewall...
[    9.387144] systemd[1]: Mounting Debug File System...
         Mounting Debug File System...
[    9.395088] systemd[1]: Starting Load Kernel Modules...
         Starting Load Kernel Modules...
[    9.407871] systemd[1]: Mounting Huge Pages File System...
         [    9.413234] Loading iSCSI transport class v2.0-870.
Mounting Huge Pages File System...
[    9.432342] systemd[1]: Starting Create list of required static device nodes for the current kernel...
         Starting Create list of required st... nodes for the current kernel...
[    9.443056] systemd[1]: Set up automount Arbitrary Executable File Formats File System Automount Point.
[[0;32m  OK  [0m] Set up automount Arbitrary Executab...ats File System Automount Point.
[    9.458988] systemd[1]: Listening on LVM2 metadata daemon socket.
[[0;32m  OK  [0m] Listening on LVM2 metadata daemon socket.[    9.465119] iscsi: registered transport (tcp)

[    9.466737] systemd[1]: Started Trigger resolvconf update for networkd DNS.
[[0;32m  OK  [0m] Started Trigger resolvconf update for networkd DNS.
[    9.470924] systemd[1]: Listening on udev Control Socket.
[[0;32m  OK  [0m] Listening on udev Control Socket.
[    9.474529] systemd[1]: Listening on Device-mapper event daemon FIFOs.
[[0;32m  OK  [0m] Listening on Device-mapper event daemon FIFOs.
[    9.481925] systemd[1]: Listening on LVM2 poll daemon socket.
[[0;32m  OK  [0m] Listening on LVM2 poll daemon socket.
[    9.491514] systemd[1]: Listening on Journal Socket (/dev/log).
[[0;32m  OK  [0m] Listening on Journal Socket (/dev/log).
[    9.499832] systemd[1]: Starting Journal Service...
         Starting Journal Service...
[    9.506721] systemd[1]: Reached target Swap.
[[0;32m  OK  [0m] Reached target Swap.
[    9.514881] systemd[1]: Starting Nameserver information manager...
         Starting Nameserver information manager...
[    9.524234] systemd[1]: Starting Monitoring of LVM2 mirrors, snapshots etc. using dmeventd or progress polling...
         Starting Monitoring of LVM2 mirr[    9.573191] iscsi: registered transport (iser)
ors... dmeventd or progress polling...
[    9.576789] systemd[1]: Listening on udev Kernel Socket.
[[0;32m  OK  [0m] Listening on udev Kernel Socket.
[    9.581586] systemd[1]: Starting Set console keymap...
         Starting Set console keymap...
[    9.589716] systemd[1]: Started Forward Password Requests to Wall Directory Watch.
[[0;32m  OK  [0m] Started Forward Password Requests to Wall Directory Watch.
[    9.603943] systemd[1]: Mounted Debug File System.
[[0;32m  OK  [0m] Mounted Debug File System.
[    9.652451] systemd[1]: Mounted Huge Pages File System.
[[0;32m  OK  [0m] Mounted Huge Pages File System.
[    9.657882] systemd[1]: Mounted POSIX Message Queue File System.
[[0;32m  OK  [0m] Mounted POSIX Message Queue File System.
[    9.663168] systemd[1]: Started Journal Service.
[[0;32m  OK  [0m] Started Journal Service.
[[0;32m  OK  [0m] Started Remount Root and Kernel File Systems.
[[0;32m  OK  [0m] Started Uncomplicated firewall.
[[0;32m  OK  [0m] Started Load Kernel Modules.
[[0;32m  OK  [0m] Started Create list of required sta...ce nodes for the current kernel.
[[0;32m  OK  [0m] Started Set console keymap.
[[0;32m  OK  [0m] Started Nameserver information manager.
[[0;32m  OK  [0m] Started LVM2 metadata daemon.
         Starting Create Static Device Nodes in /dev...
         Starting Apply Kernel Variables...
         Mounting FUSE Control File System...
         Starting udev Coldplug all Devices...
         Starting Load/Save Random Seed...
         Starting Flush Journal to Persistent Storage...
[[0;32m  OK  [0m] Mounted FUSE Control File System.
[[0;32m  OK  [0m] Started Create Static Device Nodes in /dev.
[[0;32m  OK  [0m] Started Apply Kernel Variables.
[[0;32m  OK  [0m] Started Load/Save Random Seed.
[[0;32m  OK  [0m] Started udev Coldplug all Devices.
[[0;32m  OK  [0m] Started Flush Journal to Persistent Storage.
         Starting udev Kernel Device Manager...
[[0;32m  OK  [0m] Started udev Kernel Device Manager.
[[0;32m  OK  [0m] Started Dispatch Password Requests to Console Directory Watch.
[[0;32m  OK  [0m] Started Monitoring of LVM2 mirrors,...ng dmeventd or progress polling.
[[0;32m  OK  [0m] Reached target Local File Systems (Pre).
[[0;32m  OK  [0m] Reached target Local File Systems.
         Starting Initial cloud-init job (pre-networking)...
         Starting LSB: AppArmor initialization...
         Starting Tell Plymouth To Write Out Runtime Data...
         Starting Create Volatile Files and Directories...
         Starting Set console font and keymap...
[[0;32m  OK  [0m] Started Tell Plymouth To Write Out Runtime Data.
[[0;32m  OK  [0m] Started Create Volatile Files and Directories.
         Starting Update UTMP about System Boot/Shutdown...
[[0;32m  OK  [0m] Started Update UTMP about System Boot/Shutdown.
[[0;32m  OK  [0m] Started LSB: AppArmor initialization.
[[0;32m  OK  [0m] Found device Virtio network device.
[[0;32m  OK  [0m] Found device /dev/ttyS0.
[[0;32m  OK  [0m] Found device Virtio network device.
[[0;32m  OK  [0m] Listening on Load/Save RF Kill Switch Status /dev/rfkill Watch.
[[0;32m  OK  [0m] Started Set console font and keymap.
[[0;32m  OK  [0m] Created slice system-getty.slice.
[    9.706924] cloud-init[500]: Cloud-init v. 18.4-0ubuntu1~16.04.2 running 'init-local' at Sun, 06 Jan 2019 09:34:27 +0000. Up 9.12 seconds.
[[0;32m  OK  [0m] Started Initial cloud-init job (pre-networking).
[[0;32m  OK  [0m] Reached target Network (Pre).
         Starting Raise network interfaces...
[[0;32m  OK  [0m] Started ifup for enp0s3.
[[0;32m  OK  [0m] Started ifup for enp0s8.
[[0;32m  OK  [0m] Started Raise network interfaces.
         Starting Initial cloud-init job (metadata service crawler)...
[[0;32m  OK  [0m] Reached target Network.
[   11.202022] cloud-init[1081]: Cloud-init v. 18.4-0ubuntu1~16.04.2 running 'init' at Sun, 06 Jan 2019 09:34:29 +0000. Up 10.72 seconds.
[   11.246053] cloud-init[1081]: ci-info: ++++++++++++++++++++++++++++++++++++++Net device info+++++++++++++++++++++++++++++++++++++++
[   11.250435] cloud-init[1081]: ci-info: +--------+------+-----------------------------+---------------+--------+-------------------+
[   11.258079] cloud-init[1081]: ci-info: | Device |  Up  |           Address           |      Mask     | Scope  |     Hw-Address    |
[   11.279064] cloud-init[[0;32m  OK  [0m] Started Initial cloud-init job (metadata service crawler).
[1081]: ci-info: +--------+------+-----------------------------+---------------+--------+-------------------+
[   11.287195] cloud-init[1081]: ci-info: | enp0s3 | True |          10.0.2.15          | 255.255.255.0 | global | 02:d7:2d:ee:29:b4 |
[   11.308510] cloud-init[1081]: ci-info: | enp0s3 | True |  fe80::d7:2dff:feee:29b4/64 |       .       |  link  | 02:d7:2d:ee:29:b4 |[[0;32m  OK  [0m] Reached target Cloud-config availability.
[[0;32m  OK  [0m] Reached target Network is Online.

         [   11.340423] cloud-init[1081]: ci-info: | enp0s8 | True |        192.168.83.137       | 255.255.255.0 | global | 08:00:27:06:1a:6c |Starting iSCSI initiator daemon (iscsid)...
[[0;32m  OK  [0m] Reached target System Initialization.
[[0;32m  OK  [0m] Listening on D-Bus System Message Bus Socket.
[   11.357913] cloud-init[1081]: ci-info: | enp0s8 | True | fe80::a00:27ff:fe06:1a6c/64 |       .       |  link  | 08:00:27:06:1a:6c |
[   11.358031] cloud-init[1081]: ci-info: |   lo   | True |          127.0.0.1          |   255.0.0.0   |  host  |         .         |
[   11.358134] cloud-init[1081]: ci-info: |   lo   | True |           ::1/128           |       .       |  host  |         .         |
[   11.358236] cloud-init[1081]: ci-info: +--------+------+-----------------------------+---------------+--------+-------------------+
[   11.358335] cloud-init[1081]: ci-info: ++++++++++++++++++++++++++++Route IPv4 info++++++++++++++++++++++++++++
[   11.358436] cloud-init[1081]: ci-info: +-------+--------------+----------+---------------+-----------+-------+
[   11.358538] cloud-init[1081]: ci-info: | Route | Destination  | Gateway  |    Genmask    | Interface | Flags |
[   11.358651] cloud-init[1081]: ci-info: +-------+--------------+----------+---------------+-----------+-------+
[   11.358751] cloud-init[1081]: ci-info: |   0   |   0.0.0.0    | 10.0.2.2 |    0.0.0.0    |   enp0s3  |   UG  |
[   11.358850] cloud-init[1081]: ci-info: |   1   |   10.0.2.0   | 0.0.0.0  | 255.255.255.0 |   enp0s3  |   U   |
[   11.358951] cloud-init[1081]: ci-info: |   2   | 192.168.83.0 | 0.0.0.0  | 255.255.255.0 |   enp0s8  |   U   |
[   11.359051] cloud-init[1081]: ci-info: +-------+--------------+----------+---------------+-----------+-------+
[   11.359167] cloud-init[1081]: ci-info: +++++++++++++++++++Route IPv6 info+++++++++++++++++++
[   11.359233] cloud-init[1081]: ci-info: +-------+-------------+---------+-----------+-------+
[   11.359355] cloud-init[1081]: ci-info: | Route | Destination | Gateway | Interface | Flags |
[   11.359426] cloud-init[1081]: ci-info: +-------+-------------+---------+-----------+-------+
[   11.359486] cloud-init[1081]: ci-info: |   0   |  fe80::/64  |    ::   |   enp0s8  |   U   |
[   11.359543] cloud-init[1081]: ci-info: |   1   |  fe80::/64  |    ::   |   enp0s3  |   U   |
[   11.359600] cloud-init[1081]: ci-info: |   4   |   ff00::/8  |    ::   |   enp0s8  |   U   |
[   11.359657] cloud-init[1081]: ci-info: |   5   |   ff00::/8  |    ::   |   enp0s3  |   U   |
[   11.359716] cloud-init[1081]: ci-info: +-------+-------------+---------+-----------+-------+

[[0;32m  OK  [0m] Listening on ACPID Listen Socket.
         Starting Socket activation for snappy daemon.
[[0;32m  OK  [0m] Listening on UUID daemon activation socket.
[[0;32m  OK  [0m] Started Daily Cleanup of Temporary Directories.
[[0;32m  OK  [0m] Started ACPI Events Check.
[[0;32m  OK  [0m] Reached target Paths.
[[0;32m  OK  [0m] Started Daily apt download activities.
         Starting LXD - unix socket.
[[0;32m  OK  [0m] Started Daily apt upgrade and clean activities.
[[0;32m  OK  [0m] Reached target Timers.
[[0;32m  OK  [0m] Listening on Socket activation for snappy daemon.
[[0;32m  OK  [0m] Listening on LXD - unix socket.
[[0;32m  OK  [0m] Started iSCSI initiator daemon (iscsid).
         Starting Login to default iSCSI targets...
[[0;32m  OK  [0m] Reached target Sockets.
[[0;32m  OK  [0m] Reached target Basic System.
[[0;32m  OK  [0m] Started FUSE filesystem for LXC.
[[0;32m  OK  [0m] Started ACPI event daemon.
[[0;32m  OK  [0m] Started Deferred execution scheduler.
         Starting OpenBSD Secure Shell server...
         Starting Login Service...
         Starting /etc/rc.local Compatibility...
[[0;32m  OK  [0m] Started D-Bus System Message Bus.
         Starting System Logging Service...
[[0;32m  OK  [0m] Started Regular background program processing daemon.
         Starting Accounts Service...
         Starting LSB: Record successful boot for GRUB...
[[0;32m  OK  [0m] Started Unattended Upgrades Shutdown.
         Starting Snappy daemon...
         Starting LSB: MD monitoring daemon...
         Starting Virtualbox guest utils...
         Starting LXD - container startup/shutdown...
[[0;32m  OK  [0m] Started System Logging Service.
[[0;32m  OK  [0m] Started /etc/rc.local Compatibility.
[[0;32m  OK  [0m] Started Login to default iSCSI targets.
[[0;32m  OK  [0m] Started OpenBSD Secure Shell server.
[[0;32m  OK  [0m] Started LXD - container startup/shutdown.
[[0;32m  OK  [0m] Started Snappy daemon.
[[0;32m  OK  [0m] Started LSB: Record successful boot for GRUB.
[[0;32m  OK  [0m] Started LSB: MD monitoring daemon.
[[0;32m  OK  [0m] Started Login Service.
         Starting Authenticate and Authorize Users to Run Privileged Tasks...
         Starting Wait until snapd is fully seeded...
[[0;32m  OK  [0m] Reached target Remote File Systems (Pre).
[[0;32m  OK  [0m] Reached target Remote File Systems.
         Starting LSB: Start and stop the mysql database server daemon...
         Starting LSB: Apache2 web server...
         Starting LSB: Set the CPU Frequency Scaling governor to "ondemand"...
         Starting LSB: automatic crash report generation...
         Starting LSB: daemon to balance interrupts for SMP systems...
         Starting Permit User Sessions...
[[0;32m  OK  [0m] Started Wait until snapd is fully seeded.
[[0;32m  OK  [0m] Started Permit User Sessions.
[[0;32m  OK  [0m] Started Authenticate and Authorize Users to Run Privileged Tasks.
[[0;32m  OK  [0m] Started Accounts Service.
[[0;32m  OK  [0m] Started Virtualbox guest utils.
[[0;32m  OK  [0m] Started LSB: Set the CPU Frequency Scaling governor to "ondemand".
         Starting Hold until boot process finishes up...
         Starting Terminate Plymouth Boot Screen...
         Starting Apply the settings specified in cloud-config...
[[0;32m  OK  [0m] Started Hold until boot process finishes up.
[[0;32m  OK  [0m] Started Terminate Plymouth Boot Screen.
[[0;32m  OK  [0m] Started LSB: daemon to balance interrupts for SMP systems.
[[0;32m  OK  [0m] Started LSB: automatic crash report generation.
[[0;32m  OK  [0m] Started Getty on tty1.
[[0;32m  OK  [0m] Started Serial Getty on ttyS0.
[[0;32m  OK  [0m] Reached target Login Prompts.
         Starting Set console scheme...
[[0;32m  OK  [0m] Started Set console scheme.
[[0;32m  OK  [0m] Created slice User Slice of vagrant.
         Starting User Manager for UID 1000...
[[0;32m  OK  [0m] Started Session 1 of user vagrant.
[[0;32m  OK  [0m] Started User Manager for UID 1000.
[[0;32m  OK  [0m] Started LSB: Apache2 web server.
[   14.278776] cloud-init[1356]: Cloud-init v. 18.4-0ubuntu1~16.04.2 running 'modules:config' at Sun, 06 Jan 2019 09:34:32 +0000. Up 14.14 seconds.
[[0;32m  OK  [0m] Started Apply the settings specified in cloud-config.
[[0;32m  OK  [0m] Started LSB: Start and stop the mysql database server daemon.
[[0;32m  OK  [0m] Reached target Multi-User System.
         Starting Execute cloud user/final scripts...
[[0;32m  OK  [0m] Reached target Graphical Interface.
         Starting Update UTMP about System Runlevel Changes...
[[0;32m  OK  [0m] Started Update UTMP about System Runlevel Changes.
[   15.973918] cloud-init[1735]: Cloud-init v. 18.4-0ubuntu1~16.04.2 running 'modules:final' at Sun, 06 Jan 2019 09:34:34 +0000. Up 15.80 seconds.
[   16.007541] cloud-init[1735]: Cloud-init v. 18.4-0ubuntu1~16.04.2 finished at Sun, 06 Jan 2019 09:34:34 +0000. Datasource DataSourceNoCloud [seed=/dev/sdb][dsmode=net].  Up 15.96 seconds
[[0;32m  OK  [0m] Started Execute cloud user/final scripts.
[[0;32m  OK  [0m] Reached target Cloud-init target.
         Starting Daily apt download activities...

Ubuntu 16.04.5 LTS kouosl ttyS0

kouosl login: 